# JRE version: OpenJDK Runtime Environment (18.0.1.1+2) (build 18.0.1.1+2-6)
# Java VM: OpenJDK 64-Bit Server VM (18.0.1.1+2-6, mixed mode, emulated-client, sharing, tiered, compressed oops, compressed class ptrs, g1 gc, bsd-amd64)
GC Precious Log:
 CardTable entry size: 512
 Card Set container configuration: InlinePtr #cards 4 size 8 Array Of Cards #cards 16 size 48 Howl #buckets 8 coarsen threshold 3686 Howl Bitmap #cards 512 size 80 coarsen threshold 460 Card regions per heap region 1 cards per card region 4096
 CPUs: 8 total, 8 available
 Memory: 16384M
 Large Page Support: Disabled
 NUMA Support: Disabled
 Compressed Oops: Enabled (Zero based)
 Heap Region Size: 2M
 Heap Min Capacity: 8M
 Heap Initial Capacity: 256M
 Heap Max Capacity: 4G
 Pre-touch: Disabled
 Parallel Workers: 8
 Concurrent Workers: 2
 Concurrent Refinement Workers: 8
 Periodic GC: Disabled
Heap:
 garbage-first heap   total 143360K, used 83872K [0x0000000700000000, 0x0000000800000000)
  region size 2048K, 19 young (38912K), 3 survivors (6144K)
 Metaspace       used 84197K, committed 85120K, reserved 1179648K
  class space    used 11076K, committed 11520K, reserved 1048576K
GC Heap History (20 events):
Event: 4237.498 GC heap after
{Heap after GC invocations=73 (full 9):
 garbage-first heap   total 122880K, used 36203K [0x0000000700000000, 0x0000000800000000)
  region size 2048K, 3 young (6144K), 3 survivors (6144K)
 Metaspace       used 81908K, committed 82688K, reserved 1179648K
  class space    used 10844K, committed 11200K, reserved 1048576K
}
Event: 4238.009 GC heap before
{Heap before GC invocations=73 (full 9):
 garbage-first heap   total 122880K, used 95595K [0x0000000700000000, 0x0000000800000000)
  region size 2048K, 32 young (65536K), 3 survivors (6144K)
 Metaspace       used 82210K, committed 83008K, reserved 1179648K
  class space    used 10874K, committed 11264K, reserved 1048576K
}
Event: 4238.018 GC heap after
{Heap after GC invocations=74 (full 9):
 garbage-first heap   total 122880K, used 39900K [0x0000000700000000, 0x0000000800000000)
  region size 2048K, 3 young (6144K), 3 survivors (6144K)
 Metaspace       used 82210K, committed 83008K, reserved 1179648K
  class space    used 10874K, committed 11264K, reserved 1048576K
}
Event: 4238.750 GC heap before
{Heap before GC invocations=74 (full 9):
 garbage-first heap   total 122880K, used 93148K [0x0000000700000000, 0x0000000800000000)
  region size 2048K, 29 young (59392K), 3 survivors (6144K)
 Metaspace       used 82585K, committed 83392K, reserved 1179648K
  class space    used 10904K, committed 11264K, reserved 1048576K
}
Event: 4238.754 GC heap after
{Heap after GC invocations=75 (full 9):
 garbage-first heap   total 122880K, used 41268K [0x0000000700000000, 0x0000000800000000)
  region size 2048K, 3 young (6144K), 3 survivors (6144K)
 Metaspace       used 82585K, committed 83392K, reserved 1179648K
  class space    used 10904K, committed 11264K, reserved 1048576K
}
Event: 4239.290 GC heap before
{Heap before GC invocations=75 (full 9):
 garbage-first heap   total 122880K, used 94516K [0x0000000700000000, 0x0000000800000000)
  region size 2048K, 29 young (59392K), 3 survivors (6144K)
 Metaspace       used 82958K, committed 83840K, reserved 1179648K
  class space    used 10964K, committed 11392K, reserved 1048576K
}
Event: 4239.299 GC heap after
{Heap after GC invocations=76 (full 9):
 garbage-first heap   total 122880K, used 46058K [0x0000000700000000, 0x0000000800000000)
  region size 2048K, 4 young (8192K), 4 survivors (8192K)
 Metaspace       used 82958K, committed 83840K, reserved 1179648K
  class space    used 10964K, committed 11392K, reserved 1048576K
}
Event: 4239.486 GC heap before
{Heap before GC invocations=76 (full 9):
 garbage-first heap   total 122880K, used 91114K [0x0000000700000000, 0x0000000800000000)
  region size 2048K, 26 young (53248K), 4 survivors (8192K)
 Metaspace       used 82976K, committed 83840K, reserved 1179648K
  class space    used 10967K, committed 11392K, reserved 1048576K
}
Event: 4239.498 GC heap after
{Heap after GC invocations=77 (full 9):
 garbage-first heap   total 147456K, used 48303K [0x0000000700000000, 0x0000000800000000)
  region size 2048K, 2 young (4096K), 2 survivors (4096K)
 Metaspace       used 82976K, committed 83840K, reserved 1179648K
  class space    used 10967K, committed 11392K, reserved 1048576K
}
Event: 4464.751 GC heap before
{Heap before GC invocations=77 (full 9):
 garbage-first heap   total 147456K, used 87215K [0x0000000700000000, 0x0000000800000000)
  region size 2048K, 22 young (45056K), 2 survivors (4096K)
 Metaspace       used 83003K, committed 83904K, reserved 1179648K
  class space    used 10968K, committed 11392K, reserved 1048576K
}
Event: 4464.828 GC heap after
{Heap after GC invocations=78 (full 10):
 garbage-first heap   total 143360K, used 38281K [0x0000000700000000, 0x0000000800000000)
  region size 2048K, 0 young (0K), 0 survivors (0K)
 Metaspace       used 82989K, committed 83904K, reserved 1179648K
  class space    used 10966K, committed 11392K, reserved 1048576K
}
Event: 4465.469 GC heap before
{Heap before GC invocations=78 (full 10):
 garbage-first heap   total 143360K, used 112009K [0x0000000700000000, 0x0000000800000000)
  region size 2048K, 36 young (73728K), 0 survivors (0K)
 Metaspace       used 83374K, committed 84288K, reserved 1179648K
  class space    used 11013K, committed 11456K, reserved 1048576K
}
Event: 4465.474 GC heap after
{Heap after GC invocations=79 (full 10):
 garbage-first heap   total 143360K, used 42786K [0x0000000700000000, 0x0000000800000000)
  region size 2048K, 3 young (6144K), 3 survivors (6144K)
 Metaspace       used 83374K, committed 84288K, reserved 1179648K
  class space    used 11013K, committed 11456K, reserved 1048576K
}
Event: 4465.984 GC heap before
{Heap before GC invocations=79 (full 10):
 garbage-first heap   total 143360K, used 110370K [0x0000000700000000, 0x0000000800000000)
  region size 2048K, 36 young (73728K), 3 survivors (6144K)
 Metaspace       used 83755K, committed 84672K, reserved 1179648K
  class space    used 11040K, committed 11456K, reserved 1048576K
}
Event: 4465.989 GC heap after
{Heap after GC invocations=80 (full 10):
 garbage-first heap   total 143360K, used 45830K [0x0000000700000000, 0x0000000800000000)
  region size 2048K, 4 young (8192K), 4 survivors (8192K)
 Metaspace       used 83755K, committed 84672K, reserved 1179648K
  class space    used 11040K, committed 11456K, reserved 1048576K
}
Event: 4466.509 GC heap before
{Heap before GC invocations=80 (full 10):
 garbage-first heap   total 143360K, used 113414K [0x0000000700000000, 0x0000000800000000)
  region size 2048K, 37 young (75776K), 4 survivors (8192K)
 Metaspace       used 84162K, committed 85056K, reserved 1179648K
  class space    used 11071K, committed 11520K, reserved 1048576K
}
Event: 4466.516 GC heap after
{Heap after GC invocations=81 (full 10):
 garbage-first heap   total 143360K, used 48786K [0x0000000700000000, 0x0000000800000000)
  region size 2048K, 4 young (8192K), 4 survivors (8192K)
 Metaspace       used 84162K, committed 85056K, reserved 1179648K
  class space    used 11071K, committed 11520K, reserved 1048576K
}
Event: 4466.867 GC heap before
{Heap before GC invocations=81 (full 10):
 garbage-first heap   total 143360K, used 112274K [0x0000000700000000, 0x0000000800000000)
  region size 2048K, 35 young (71680K), 4 survivors (8192K)
 Metaspace       used 84182K, committed 85120K, reserved 1179648K
  class space    used 11074K, committed 11520K, reserved 1048576K
}
Event: 4466.872 GC heap after
{Heap after GC invocations=82 (full 10):
 garbage-first heap   total 143360K, used 51505K [0x0000000700000000, 0x0000000800000000)
  region size 2048K, 3 young (6144K), 3 survivors (6144K)
 Metaspace       used 84182K, committed 85120K, reserved 1179648K
  class space    used 11074K, committed 11520K, reserved 1048576K
}
Event: 4585.665 GC heap before
{Heap before GC invocations=82 (full 10):
 garbage-first heap   total 143360K, used 82225K [0x0000000700000000, 0x0000000800000000)
  region size 2048K, 19 young (38912K), 3 survivors (6144K)
 Metaspace       used 84197K, committed 85120K, reserved 1179648K
  class space    used 11076K, committed 11520K, reserved 1048576K
}

