# JRE version: OpenJDK Runtime Environment (18.0.1.1+2) (build 18.0.1.1+2-6)
# Java VM: OpenJDK 64-Bit Server VM (18.0.1.1+2-6, mixed mode, emulated-client, sharing, tiered, compressed oops, compressed class ptrs, g1 gc, bsd-amd64)
GC Precious Log:
 CardTable entry size: 512
 Card Set container configuration: InlinePtr #cards 4 size 8 Array Of Cards #cards 16 size 48 Howl #buckets 8 coarsen threshold 3686 Howl Bitmap #cards 512 size 80 coarsen threshold 460 Card regions per heap region 1 cards per card region 4096
 CPUs: 8 total, 8 available
 Memory: 16384M
 Large Page Support: Disabled
 NUMA Support: Disabled
 Compressed Oops: Enabled (Zero based)
 Heap Region Size: 2M
 Heap Min Capacity: 8M
 Heap Initial Capacity: 256M
 Heap Max Capacity: 4G
 Pre-touch: Disabled
 Parallel Workers: 8
 Concurrent Workers: 2
 Concurrent Refinement Workers: 8
 Periodic GC: Disabled
Heap:
 garbage-first heap   total 288768K, used 88778K [0x0000000700000000, 0x0000000800000000)
  region size 2048K, 22 young (45056K), 3 survivors (6144K)
 Metaspace       used 81703K, committed 82432K, reserved 1179648K
  class space    used 10804K, committed 11136K, reserved 1048576K
GC Heap History (20 events):
Event: 764.534 GC heap after
{Heap after GC invocations=58 (full 7):
 garbage-first heap   total 143360K, used 38210K [0x0000000700000000, 0x0000000800000000)
  region size 2048K, 3 young (6144K), 3 survivors (6144K)
 Metaspace       used 79668K, committed 80320K, reserved 1179648K
  class space    used 10628K, committed 10944K, reserved 1048576K
}
Event: 765.031 GC heap before
{Heap before GC invocations=59 (full 7):
 garbage-first heap   total 143360K, used 107842K [0x0000000700000000, 0x0000000800000000)
  region size 2048K, 37 young (75776K), 3 survivors (6144K)
 Metaspace       used 80087K, committed 80768K, reserved 1179648K
  class space    used 10665K, committed 11008K, reserved 1048576K
}
Event: 765.045 GC heap after
{Heap after GC invocations=60 (full 7):
 garbage-first heap   total 143360K, used 41544K [0x0000000700000000, 0x0000000800000000)
  region size 2048K, 4 young (8192K), 4 survivors (8192K)
 Metaspace       used 80087K, committed 80768K, reserved 1179648K
  class space    used 10665K, committed 11008K, reserved 1048576K
}
Event: 765.053 GC heap before
{Heap before GC invocations=60 (full 7):
 garbage-first heap   total 143360K, used 43592K [0x0000000700000000, 0x0000000800000000)
  region size 2048K, 5 young (10240K), 4 survivors (8192K)
 Metaspace       used 80087K, committed 80768K, reserved 1179648K
  class space    used 10665K, committed 11008K, reserved 1048576K
}
Event: 765.060 GC heap after
{Heap after GC invocations=61 (full 7):
 garbage-first heap   total 143360K, used 41621K [0x0000000700000000, 0x0000000800000000)
  region size 2048K, 1 young (2048K), 1 survivors (2048K)
 Metaspace       used 80087K, committed 80768K, reserved 1179648K
  class space    used 10665K, committed 11008K, reserved 1048576K
}
Event: 765.660 GC heap before
{Heap before GC invocations=61 (full 7):
 garbage-first heap   total 143360K, used 109205K [0x0000000700000000, 0x0000000800000000)
  region size 2048K, 34 young (69632K), 1 survivors (2048K)
 Metaspace       used 80492K, committed 81216K, reserved 1179648K
  class space    used 10696K, committed 11072K, reserved 1048576K
}
Event: 765.664 GC heap after
{Heap after GC invocations=62 (full 7):
 garbage-first heap   total 143360K, used 44618K [0x0000000700000000, 0x0000000800000000)
  region size 2048K, 2 young (4096K), 2 survivors (4096K)
 Metaspace       used 80492K, committed 81216K, reserved 1179648K
  class space    used 10696K, committed 11072K, reserved 1048576K
}
Event: 765.969 GC heap before
{Heap before GC invocations=62 (full 7):
 garbage-first heap   total 143360K, used 110154K [0x0000000700000000, 0x0000000800000000)
  region size 2048K, 34 young (69632K), 2 survivors (4096K)
 Metaspace       used 80516K, committed 81280K, reserved 1179648K
  class space    used 10701K, committed 11072K, reserved 1048576K
}
Event: 765.974 GC heap after
{Heap after GC invocations=63 (full 7):
 garbage-first heap   total 143360K, used 47181K [0x0000000700000000, 0x0000000800000000)
  region size 2048K, 3 young (6144K), 3 survivors (6144K)
 Metaspace       used 80516K, committed 81280K, reserved 1179648K
  class space    used 10701K, committed 11072K, reserved 1048576K
}
Event: 826.995 GC heap before
{Heap before GC invocations=63 (full 7):
 garbage-first heap   total 143360K, used 69709K [0x0000000700000000, 0x0000000800000000)
  region size 2048K, 15 young (30720K), 3 survivors (6144K)
 Metaspace       used 80534K, committed 81280K, reserved 1179648K
  class space    used 10703K, committed 11072K, reserved 1048576K
}
Event: 827.054 GC heap after
{Heap after GC invocations=64 (full 8):
 garbage-first heap   total 143360K, used 36806K [0x0000000700000000, 0x0000000800000000)
  region size 2048K, 0 young (0K), 0 survivors (0K)
 Metaspace       used 80510K, committed 81280K, reserved 1179648K
  class space    used 10698K, committed 11072K, reserved 1048576K
}
Event: 827.757 GC heap before
{Heap before GC invocations=64 (full 8):
 garbage-first heap   total 143360K, used 108486K [0x0000000700000000, 0x0000000800000000)
  region size 2048K, 35 young (71680K), 0 survivors (0K)
 Metaspace       used 80890K, committed 81600K, reserved 1179648K
  class space    used 10746K, committed 11072K, reserved 1048576K
}
Event: 827.761 GC heap after
{Heap after GC invocations=65 (full 8):
 garbage-first heap   total 143360K, used 41388K [0x0000000700000000, 0x0000000800000000)
  region size 2048K, 3 young (6144K), 3 survivors (6144K)
 Metaspace       used 80890K, committed 81600K, reserved 1179648K
  class space    used 10746K, committed 11072K, reserved 1048576K
}
Event: 828.251 GC heap before
{Heap before GC invocations=65 (full 8):
 garbage-first heap   total 143360K, used 108972K [0x0000000700000000, 0x0000000800000000)
  region size 2048K, 36 young (73728K), 3 survivors (6144K)
 Metaspace       used 81236K, committed 81984K, reserved 1179648K
  class space    used 10769K, committed 11136K, reserved 1048576K
}
Event: 828.256 GC heap after
{Heap after GC invocations=66 (full 8):
 garbage-first heap   total 143360K, used 44324K [0x0000000700000000, 0x0000000800000000)
  region size 2048K, 4 young (8192K), 4 survivors (8192K)
 Metaspace       used 81236K, committed 81984K, reserved 1179648K
  class space    used 10769K, committed 11136K, reserved 1048576K
}
Event: 828.688 GC heap before
{Heap before GC invocations=66 (full 8):
 garbage-first heap   total 143360K, used 109860K [0x0000000700000000, 0x0000000800000000)
  region size 2048K, 36 young (73728K), 4 survivors (8192K)
 Metaspace       used 81654K, committed 82368K, reserved 1179648K
  class space    used 10797K, committed 11136K, reserved 1048576K
}
Event: 828.698 GC heap after
{Heap after GC invocations=67 (full 8):
 garbage-first heap   total 143360K, used 47090K [0x0000000700000000, 0x0000000800000000)
  region size 2048K, 4 young (8192K), 4 survivors (8192K)
 Metaspace       used 81654K, committed 82368K, reserved 1179648K
  class space    used 10797K, committed 11136K, reserved 1048576K
}
Event: 829.059 GC heap before
{Heap before GC invocations=67 (full 8):
 garbage-first heap   total 143360K, used 108530K [0x0000000700000000, 0x0000000800000000)
  region size 2048K, 34 young (69632K), 4 survivors (8192K)
 Metaspace       used 81674K, committed 82368K, reserved 1179648K
  class space    used 10801K, committed 11136K, reserved 1048576K
}
Event: 829.069 GC heap after
{Heap after GC invocations=68 (full 8):
 garbage-first heap   total 288768K, used 49866K [0x0000000700000000, 0x0000000800000000)
  region size 2048K, 3 young (6144K), 3 survivors (6144K)
 Metaspace       used 81674K, committed 82368K, reserved 1179648K
  class space    used 10801K, committed 11136K, reserved 1048576K
}
Event: 958.891 GC heap before
{Heap before GC invocations=68 (full 8):
 garbage-first heap   total 288768K, used 86730K [0x0000000700000000, 0x0000000800000000)
  region size 2048K, 22 young (45056K), 3 survivors (6144K)
 Metaspace       used 81703K, committed 82432K, reserved 1179648K
  class space    used 10804K, committed 11136K, reserved 1048576K
}

